<?xml version="1.0" encoding="UTF-8"?>
<!-- Generated by org.testng.reporters.JUnitReportReporter -->
<testsuite skipped="0" hostname="SELENIUM" name="com.durgasoft.selenium.testNG.BootstrapAlert_RedBus" tests="1" failures="0" timestamp="24 Jan 2020 07:04:02 GMT" time="28.618" errors="0">
  <testcase name="f" time="28.618" classname="com.durgasoft.selenium.testNG.BootstrapAlert_RedBus"/>
</testsuite> <!-- com.durgasoft.selenium.testNG.BootstrapAlert_RedBus -->
