<?xml version="1.0" encoding="UTF-8"?>
<!-- Generated by org.testng.reporters.JUnitReportReporter -->
<testsuite skipped="0" hostname="SELENIUM" name="com.durgasoft.selenium.testNG.iostreams.ReadDataFromExcelFile" tests="1" failures="0" timestamp="27 Jan 2020 06:23:06 GMT" time="2.635" errors="0">
  <testcase name="f" time="2.635" classname="com.durgasoft.selenium.testNG.iostreams.ReadDataFromExcelFile"/>
</testsuite> <!-- com.durgasoft.selenium.testNG.iostreams.ReadDataFromExcelFile -->
