<?xml version="1.0" encoding="UTF-8"?>
<!-- Generated by org.testng.reporters.JUnitReportReporter -->
<testsuite skipped="0" hostname="SELENIUM" name="com.durgasoft.selenium.testNG.iostreams.HMS_Login_Excel_API" tests="1" failures="0" timestamp="28 Jan 2020 06:56:19 GMT" time="4.887" errors="0">
  <testcase name="hms_Login" time="4.887" classname="com.durgasoft.selenium.testNG.iostreams.HMS_Login_Excel_API"/>
</testsuite> <!-- com.durgasoft.selenium.testNG.iostreams.HMS_Login_Excel_API -->
