<?xml version="1.0" encoding="UTF-8"?>
<!-- Generated by org.testng.reporters.JUnitReportReporter -->
<testsuite skipped="0" hostname="SELENIUM" name="com.durgasoft.selenium.testNG.iostreams.WriteExcelDataByIndex" tests="1" failures="0" timestamp="27 Jan 2020 06:57:58 GMT" time="1.357" errors="0">
  <testcase name="f" time="1.357" classname="com.durgasoft.selenium.testNG.iostreams.WriteExcelDataByIndex"/>
</testsuite> <!-- com.durgasoft.selenium.testNG.iostreams.WriteExcelDataByIndex -->
