<?xml version="1.0" encoding="UTF-8"?>
<!-- Generated by org.testng.reporters.JUnitReportReporter -->
<testsuite skipped="0" hostname="SELENIUM" name="com.durgasoft.selenium.testNG.FaceBook_Login_JSE" tests="1" failures="0" timestamp="25 Jan 2020 07:09:22 GMT" time="0.135" errors="0">
  <testcase name="f" time="0.135" classname="com.durgasoft.selenium.testNG.FaceBook_Login_JSE"/>
</testsuite> <!-- com.durgasoft.selenium.testNG.FaceBook_Login_JSE -->
