<?xml version="1.0" encoding="UTF-8"?>
<!-- Generated by org.testng.reporters.JUnitReportReporter -->
<testsuite skipped="0" hostname="SELENIUM" name="com.durgasoft.selenium.testNG.RadioButton_Properties" tests="1" failures="0" timestamp="24 Jan 2020 06:17:28 GMT" time="0.942" errors="0">
  <testcase name="f" time="0.942" classname="com.durgasoft.selenium.testNG.RadioButton_Properties"/>
</testsuite> <!-- com.durgasoft.selenium.testNG.RadioButton_Properties -->
