<?xml version="1.0" encoding="UTF-8"?>
<!-- Generated by org.testng.reporters.JUnitReportReporter -->
<testsuite skipped="0" hostname="SELENIUM" name="com.durgasoft.selenium.testNG.JqueryDropdown" tests="1" failures="0" timestamp="23 Jan 2020 07:40:12 GMT" time="1.290" errors="0">
  <testcase name="f" time="1.290" classname="com.durgasoft.selenium.testNG.JqueryDropdown"/>
</testsuite> <!-- com.durgasoft.selenium.testNG.JqueryDropdown -->
