<?xml version="1.0" encoding="UTF-8"?>
<!-- Generated by org.testng.reporters.JUnitReportReporter -->
<testsuite skipped="0" hostname="SELENIUM" name="com.durgasoft.selenium.testNG.FaceBook_DD" tests="1" failures="0" timestamp="23 Jan 2020 07:01:00 GMT" time="8.046" errors="0">
  <testcase name="f" time="8.046" classname="com.durgasoft.selenium.testNG.FaceBook_DD"/>
</testsuite> <!-- com.durgasoft.selenium.testNG.FaceBook_DD -->
