<?xml version="1.0" encoding="UTF-8"?>
<!-- Generated by org.testng.reporters.JUnitReportReporter -->
<testsuite skipped="0" hostname="SELENIUM" name="com.durgasoft.selenium.testNG.iostreams.WriteExcelDataByFontStyle" tests="1" failures="0" timestamp="27 Jan 2020 07:07:10 GMT" time="1.472" errors="0">
  <testcase name="f" time="1.472" classname="com.durgasoft.selenium.testNG.iostreams.WriteExcelDataByFontStyle"/>
</testsuite> <!-- com.durgasoft.selenium.testNG.iostreams.WriteExcelDataByFontStyle -->
