<?xml version="1.0" encoding="UTF-8"?>
<!-- Generated by org.testng.reporters.JUnitReportReporter -->
<testsuite skipped="0" hostname="SELENIUM" name="com.durgasoft.selenium.testNG.TC001_HMS_Login" tests="1" failures="0" timestamp="22 Jan 2020 07:22:45 GMT" time="6.673" errors="0">
  <testcase name="hmsLoginLogout" time="6.673" classname="com.durgasoft.selenium.testNG.TC001_HMS_Login"/>
</testsuite> <!-- com.durgasoft.selenium.testNG.TC001_HMS_Login -->
