<?xml version="1.0" encoding="UTF-8"?>
<!-- Generated by org.testng.reporters.JUnitReportReporter -->
<testsuite skipped="4" hostname="SELENIUM" name="com.durgasoft.selenium.testNG.ScreenShot" tests="5" failures="0" timestamp="25 Jan 2020 06:49:28 GMT" time="14.532" errors="0">
  <testcase name="passedScreenShot" time="14.532" classname="com.durgasoft.selenium.testNG.ScreenShot"/>
  <testcase name="conditionBasedScreenShot" classname="com.durgasoft.selenium.testNG.ScreenShot">
    <skipped/>
  </testcase> <!-- conditionBasedScreenShot -->
  <testcase name="dateNtime" classname="com.durgasoft.selenium.testNG.ScreenShot">
    <skipped/>
  </testcase> <!-- dateNtime -->
  <testcase name="normalScreenShot" classname="com.durgasoft.selenium.testNG.ScreenShot">
    <skipped/>
  </testcase> <!-- normalScreenShot -->
  <testcase name="functionalityBasedScreenShot" classname="com.durgasoft.selenium.testNG.ScreenShot">
    <skipped/>
  </testcase> <!-- functionalityBasedScreenShot -->
</testsuite> <!-- com.durgasoft.selenium.testNG.ScreenShot -->
