<?xml version="1.0" encoding="UTF-8"?>
<!-- Generated by org.testng.reporters.JUnitReportReporter -->
<testsuite skipped="0" hostname="SELENIUM" name="com.durgasoft.selenium.testNG.iostreams.ReadDataFromExcelFileByExcel_API" tests="1" failures="0" timestamp="28 Jan 2020 06:43:12 GMT" time="1.490" errors="0">
  <testcase name="f" time="1.490" classname="com.durgasoft.selenium.testNG.iostreams.ReadDataFromExcelFileByExcel_API"/>
</testsuite> <!-- com.durgasoft.selenium.testNG.iostreams.ReadDataFromExcelFileByExcel_API -->
