<?xml version="1.0" encoding="UTF-8"?>
<!-- Generated by org.testng.reporters.JUnitReportReporter -->
<testsuite skipped="0" hostname="SELENIUM" name="com.durgasoft.selenium.testNG.BBC_MoreDD" tests="1" failures="0" timestamp="23 Jan 2020 07:13:45 GMT" time="31.042" errors="0">
  <testcase name="f" time="31.042" classname="com.durgasoft.selenium.testNG.BBC_MoreDD"/>
</testsuite> <!-- com.durgasoft.selenium.testNG.BBC_MoreDD -->
