<?xml version="1.0" encoding="UTF-8"?>
<!-- Generated by org.testng.reporters.JUnitReportReporter -->
<testsuite skipped="3" hostname="SELENIUM" name="com.durgasoft.selenium.testNG.MouseNkeboard" tests="4" failures="0" timestamp="25 Jan 2020 07:50:47 GMT" time="1.651" errors="0">
  <testcase name="rightClick" time="1.651" classname="com.durgasoft.selenium.testNG.MouseNkeboard"/>
  <testcase name="resizeObject" classname="com.durgasoft.selenium.testNG.MouseNkeboard">
    <skipped/>
  </testcase> <!-- resizeObject -->
  <testcase name="dragNdrop" classname="com.durgasoft.selenium.testNG.MouseNkeboard">
    <skipped/>
  </testcase> <!-- dragNdrop -->
  <testcase name="slider" classname="com.durgasoft.selenium.testNG.MouseNkeboard">
    <skipped/>
  </testcase> <!-- slider -->
</testsuite> <!-- com.durgasoft.selenium.testNG.MouseNkeboard -->
