<?xml version="1.0" encoding="UTF-8"?>
<!-- Generated by org.testng.reporters.JUnitReportReporter -->
<testsuite skipped="0" hostname="SELENIUM" name="com.durgasoft.selenium.testNG.iostreams.WriteExcelDataByColumnName" tests="1" failures="0" timestamp="27 Jan 2020 07:13:55 GMT" time="1.476" errors="0">
  <testcase name="f" time="1.476" classname="com.durgasoft.selenium.testNG.iostreams.WriteExcelDataByColumnName"/>
</testsuite> <!-- com.durgasoft.selenium.testNG.iostreams.WriteExcelDataByColumnName -->
