<?xml version="1.0" encoding="UTF-8"?>
<!-- Generated by org.testng.reporters.JUnitReportReporter -->
<testsuite skipped="0" hostname="SELENIUM" name="com.durgasoft.selenium.testNG.UploadFile" tests="1" failures="0" timestamp="24 Jan 2020 07:27:16 GMT" time="11.954" errors="0">
  <testcase name="f" time="11.954" classname="com.durgasoft.selenium.testNG.UploadFile"/>
</testsuite> <!-- com.durgasoft.selenium.testNG.UploadFile -->
