<?xml version="1.0" encoding="UTF-8"?>
<!-- Generated by org.testng.reporters.JUnitReportReporter -->
<testsuite skipped="0" hostname="SELENIUM" name="com.durgasoft.selenium.testNG.Echo_CheckBoxes" tests="1" failures="0" timestamp="24 Jan 2020 06:05:56 GMT" time="2.356" errors="0">
  <testcase name="f" time="2.356" classname="com.durgasoft.selenium.testNG.Echo_CheckBoxes"/>
</testsuite> <!-- com.durgasoft.selenium.testNG.Echo_CheckBoxes -->
