<?xml version="1.0" encoding="UTF-8"?>
<!-- Generated by org.testng.reporters.JUnitReportReporter -->
<testsuite skipped="0" hostname="SELENIUM" name="com.durgasoft.selenium.testNG.iostreams.ReadingDataFromExcelFileByColumnName" tests="1" failures="0" timestamp="27 Jan 2020 06:37:21 GMT" time="1.152" errors="0">
  <testcase name="f" time="1.152" classname="com.durgasoft.selenium.testNG.iostreams.ReadingDataFromExcelFileByColumnName"/>
</testsuite> <!-- com.durgasoft.selenium.testNG.iostreams.ReadingDataFromExcelFileByColumnName -->
