<?xml version="1.0" encoding="UTF-8"?>
<!-- Generated by org.testng.reporters.JUnitReportReporter -->
<testsuite skipped="0" hostname="SELENIUM" name="com.durgasoft.selenium.testNG.BBC_DynamicLinks" tests="1" failures="0" timestamp="23 Jan 2020 06:44:46 GMT" time="115.840" errors="0">
  <testcase name="f" time="115.840" classname="com.durgasoft.selenium.testNG.BBC_DynamicLinks"/>
</testsuite> <!-- com.durgasoft.selenium.testNG.BBC_DynamicLinks -->
